<?xml version="1.0" encoding="UTF-8"?>
<testng-results ignored="0" total="3" passed="3" failed="0" skipped="0">
  <reporter-output>
  </reporter-output>
  <suite started-at="2025-07-10T09:00:32 IST" name="Cogmento UI Tests" finished-at="2025-07-10T09:01:14 IST" duration-ms="42040">
    <groups>
    </groups>
    <test started-at="2025-07-10T09:00:32 IST" name="Test" finished-at="2025-07-10T09:01:14 IST" duration-ms="42040">
      <class name="com.cogmento.ui.test.LogoutTest">
        <test-method signature="logoutFunctionality()[pri:0, instance:com.cogmento.ui.test.LogoutTest@f6efaab]" started-at="2025-07-10T09:01:07 IST" name="logoutFunctionality" finished-at="2025-07-10T09:01:14 IST" duration-ms="7057" status="PASS">
          <reporter-output>
          </reporter-output>
        </test-method> <!-- logoutFunctionality -->
      </class> <!-- com.cogmento.ui.test.LogoutTest -->
      <class name="com.cogmento.ui.test.LoginPageTest">
        <test-method is-config="true" signature="setUp()[pri:0, instance:com.cogmento.ui.test.LoginPageTest@4f83df68]" started-at="2025-07-10T09:00:32 IST" name="setUp" finished-at="2025-07-10T09:01:06 IST" duration-ms="33573" status="PASS">
          <reporter-output>
          </reporter-output>
        </test-method> <!-- setUp -->
        <test-method signature="loginFunctionality()[pri:0, instance:com.cogmento.ui.test.LoginPageTest@4f83df68]" started-at="2025-07-10T09:01:06 IST" name="loginFunctionality" finished-at="2025-07-10T09:01:07 IST" duration-ms="1035" status="PASS">
          <reporter-output>
          </reporter-output>
        </test-method> <!-- loginFunctionality -->
        <test-method signature="clickOnLoginBtn()[pri:1, instance:com.cogmento.ui.test.LoginPageTest@4f83df68]" started-at="2025-07-10T09:01:07 IST" name="clickOnLoginBtn" finished-at="2025-07-10T09:01:07 IST" duration-ms="155" status="PASS">
          <reporter-output>
          </reporter-output>
        </test-method> <!-- clickOnLoginBtn -->
      </class> <!-- com.cogmento.ui.test.LoginPageTest -->
    </test> <!-- Test -->
  </suite> <!-- Cogmento UI Tests -->
</testng-results>
