<?xml version="1.0" encoding="UTF-8"?>
<!-- Generated by org.testng.reporters.JUnitXMLReporter -->
<testsuite ignored="0" hostname="DESKTOP-HH5MLTM" failures="0" tests="3" name="Test" time="42.04" errors="0" timestamp="2025-07-10T09:01:14 IST">
  <testcase classname="com.cogmento.ui.test.LoginPageTest" name="loginFunctionality" time="1.035"/>
  <testcase classname="com.cogmento.ui.test.LoginPageTest" name="clickOnLoginBtn" time="0.155"/>
  <testcase classname="com.cogmento.ui.test.LogoutTest" name="logoutFunctionality" time="7.057"/>
</testsuite> <!-- Test -->
